<!DOCTYPE html>
<html>
<head>
    <title>Unittest Results</title>
    <meta charset="utf-8">
    <meta name="viewport" content="width=device-width, initial-scale=1.0">
    <link rel="stylesheet" href="https://maxcdn.bootstrapcdn.com/bootstrap/3.3.6/css/bootstrap.min.css" integrity="sha384-1q8mTJOASx8j1Au+a5WDVnPi2lkFfwwEAa8hDDdjZlpLegxhjVME1fgjWPGmkzs7" crossorigin="anonymous">
</head>
<body>
    <div class="container">
        <div class="row">
            <div class="col-xs-12">
                <h2 class="text-capitalize">Unittest Results</h2>
                <p class='attribute'><strong>Start Time: </strong>2022-09-03 11:46:08</p>
                <p class='attribute'><strong>Duration: </strong>31.15 s</p>
                <p class='attribute'><strong>Summary: </strong>Total: 1, Pass: 0, Fail: 1</p>
            </div>
        </div>
        <div class="row">
            <div class="col-xs-12 col-sm-10 col-md-10">
                <table class='table table-hover table-responsive'>
                    <thead>
                        <tr>
                            <th>__main__.Test_Register_Functionality</th>
                            <th>Status</th>
                            <th></th>
                        </tr>
                    </thead>
                    <tbody>
                        <tr class='danger'>
                            <td class="col-xs-10">test_TC_RF_004_validate_registering_an_account_without_filling_in_all_fields</td>
                            <td class="col-xs-1">
                                <span class="label label-danger" style="display:block;width:40px;">Fail</span>
                            </td>
                            <td class="col-xs-1">
                                <button class="btn btn-default btn-xs">View</button>
                            </td>
                        </tr>
                        <tr style="display:none;">
                            <td class="col-xs-9" colspan="3"><p style="color:maroon;">AssertionError: </p><p style="color:maroon;">Traceback (most recent call last):
  File "Tests/TS_001_Register_Functionality.py", line 68, in test_TC_RF_004_validate_registering_an_account_without_filling_in_all_fields
    self.registerPage.display_warning_message()
  File "/home/fransiskus/Development/QA Engineer/Selenium + Python/Opencart/Resources/Pages/Base.py", line 103, in display_warning_message
    self.assert_element_text(Locators.FIRST_NAME_ERROR_TEXT, TestData.FIRST_NAME_ERROR_MESSAGE)
  File "/home/fransiskus/Development/QA Engineer/Selenium + Python/Opencart/Resources/Pages/Base.py", line 30, in assert_element_text
    assert web_element == element_text
AssertionError
</p>
                            </td>
                        </tr>
                        <tr>
                            <td colspan="3">
                                Total: 1, Pass: 0, Fail: 1 -- Duration: 31.15 s
                            </td>
                        </tr>
                    </tbody>
                </table>
            </div>
        </div>
    </div>
    <script src="https://ajax.googleapis.com/ajax/libs/jquery/2.2.4/jquery.min.js"></script>
    <script type="text/javascript">
        $(document).ready(function(){
            $('td').on('click', '.btn', function(e){
                e.preventDefault();
                e.stopImmediatePropagation();
                var $this = $(this);
                var $nextRow = $this.closest('tr').next('tr');
                $nextRow.slideToggle("fast");
                $this.text(function(i, text){
                    if (text === 'View') {
                        return 'Hide';
                    } else {
                        return 'View';
                    };
                });
            });
        });
    </script>
</body>
</html